============================= test session starts ==============================
platform darwin -- Python 3.12.3, pytest-9.0.1, pluggy-1.6.0 -- /Users/Javad/PycharmProjects/Anti-Language Tool/.venv/bin/python
cachedir: .pytest_cache
rootdir: /Users/Javad/PycharmProjects/Anti-Language Tool/testing
configfile: pytest.ini
collecting ... collected 174 items

testing/test_suites/test_armor.py::TestLexiconLoading::test_load_lexicon_from_file PASSED [  0%]
testing/test_suites/test_armor.py::TestLexiconLoading::test_load_lexicon_default_path PASSED [  1%]
testing/test_suites/test_armor.py::TestLexiconLoading::test_load_lexicon_fallback PASSED [  1%]
testing/test_suites/test_armor.py::TestLexiconLoading::test_load_lexicon_removes_duplicates PASSED [  2%]
testing/test_suites/test_armor.py::TestLexiconLoading::test_load_lexicon_strips_whitespace PASSED [  2%]
testing/test_suites/test_armor.py::TestLexiconLoading::test_lexicon_hash PASSED [  3%]
testing/test_suites/test_armor.py::TestLexiconLoading::test_lexicon_hash_deterministic PASSED [  4%]
testing/test_suites/test_armor.py::TestLexiconLoading::test_lexicon_hash_order_sensitive PASSED [  4%]
testing/test_suites/test_armor.py::TestTokenMapEncoding::test_encode_token_map_basic PASSED [  5%]
testing/test_suites/test_armor.py::TestTokenMapEncoding::test_encode_token_map_produces_prose PASSED [  5%]
testing/test_suites/test_armor.py::TestTokenMapEncoding::test_encode_token_map_deterministic PASSED [  6%]
testing/test_suites/test_armor.py::TestTokenMapEncoding::test_encode_token_map_different_for_different_ciphertext PASSED [  6%]
testing/test_suites/test_armor.py::TestTokenMapEncoding::test_encode_token_map_different_for_different_key PASSED [  7%]
testing/test_suites/test_armor.py::TestTokenMapEncoding::test_encode_token_map_sentence_breaks PASSED [  8%]
testing/test_suites/test_armor.py::TestTokenMapEncoding::test_encode_token_map_empty_ciphertext PASSED [  8%]
testing/test_suites/test_armor.py::TestTokenMapEncoding::test_encode_token_map_large_ciphertext PASSED [  9%]
testing/test_suites/test_armor.py::TestTokenMapDecoding::test_decode_token_map_roundtrip PASSED [  9%]
testing/test_suites/test_armor.py::TestTokenMapDecoding::test_decode_token_map_handles_punctuation PASSED [ 10%]
testing/test_suites/test_armor.py::TestTokenMapDecoding::test_decode_token_map_empty_prose PASSED [ 10%]
testing/test_suites/test_armor.py::TestTokenMapDecoding::test_decode_token_map_wrong_key PASSED [ 11%]
testing/test_suites/test_armor.py::TestTokenMapDecoding::test_decode_token_map_wrong_lexicon PASSED [ 12%]
testing/test_suites/test_armor.py::TestArmorFormat::test_emit_armor_basic PASSED [ 12%]
testing/test_suites/test_armor.py::TestArmorFormat::test_emit_armor_all_fields PASSED [ 13%]
testing/test_suites/test_armor.py::TestArmorFormat::test_parse_armor_basic PASSED [ 13%]
testing/test_suites/test_armor.py::TestArmorFormat::test_parse_armor_invalid_format PASSED [ 14%]
testing/test_suites/test_armor.py::TestArmorFormat::test_parse_armor_missing_begin PASSED [ 14%]
testing/test_suites/test_armor.py::TestArmorFormat::test_parse_emit_roundtrip PASSED [ 15%]
testing/test_suites/test_armor.py::TestArmorIntegration::test_full_armor_workflow PASSED [ 16%]
testing/test_suites/test_armor.py::TestArmorIntegration::test_armor_output_looks_like_prose PASSED [ 16%]
testing/test_suites/test_armor.py::TestArmorEdgeCases::test_build_buckets_empty_lexicon PASSED [ 17%]
testing/test_suites/test_armor.py::TestArmorEdgeCases::test_build_buckets_small_lexicon PASSED [ 17%]
testing/test_suites/test_armor.py::TestArmorEdgeCases::test_build_buckets_large_lexicon PASSED [ 18%]
testing/test_suites/test_armor.py::TestArmorEdgeCases::test_encode_with_minimal_lexicon PASSED [ 18%]
testing/test_suites/test_armor.py::TestArmorEdgeCases::test_b64_to_6bit_conversion PASSED [ 19%]
testing/test_suites/test_armor.py::TestArmorEdgeCases::test_symbols_to_b64_conversion PASSED [ 20%]
testing/test_suites/test_armor.py::TestArmorWebAPI::test_encrypt_defaults_to_armor PASSED [ 20%]
testing/test_suites/test_armor.py::TestArmorWebAPI::test_encrypt_armor_explicitly_enabled PASSED [ 21%]
testing/test_suites/test_armor.py::TestArmorWebAPI::test_encrypt_armor_explicitly_disabled PASSED [ 21%]
testing/test_suites/test_armor.py::TestArmorWebAPI::test_encrypt_armor_produces_prose PASSED [ 22%]
testing/test_suites/test_armor.py::TestArmorWebAPI::test_decrypt_armor_format PASSED [ 22%]
testing/test_suites/test_armor.py::TestArmorWebAPI::test_armor_roundtrip PASSED [ 23%]
testing/test_suites/test_e2e.py::TestE2EKeyGeneration::test_keygen_production PASSED [ 24%]
testing/test_suites/test_e2e.py::TestE2EKeyGeneration::test_keygen_multiple_times FAILED [ 24%]
testing/test_suites/test_e2e.py::TestE2EEncryption::test_encrypt_decrypt_roundtrip_production FAILED [ 25%]
testing/test_suites/test_e2e.py::TestE2EEncryption::test_encrypt_different_messages FAILED [ 25%]
testing/test_suites/test_e2e.py::TestE2EHealth::test_health_endpoint_production PASSED [ 26%]
testing/test_suites/test_e2e.py::TestE2EHealth::test_production_availability FAILED [ 27%]
testing/test_suites/test_e2e.py::TestE2EPages::test_index_page_loads FAILED [ 27%]
testing/test_suites/test_e2e.py::TestE2EPages::test_embed_page_loads FAILED [ 28%]
testing/test_suites/test_integration.py::TestAPIKeygen::test_keygen_endpoint_exists PASSED [ 28%]
testing/test_suites/test_integration.py::TestAPIKeygen::test_keygen_with_name PASSED [ 29%]
testing/test_suites/test_integration.py::TestAPIKeygen::test_keygen_without_name PASSED [ 29%]
testing/test_suites/test_integration.py::TestAPIKeygen::test_keygen_public_key_format PASSED [ 30%]
testing/test_suites/test_integration.py::TestAPIKeygen::test_keygen_secret_key_format PASSED [ 31%]
testing/test_suites/test_integration.py::TestAPIEncrypt::test_encrypt_endpoint_exists PASSED [ 31%]
testing/test_suites/test_integration.py::TestAPIEncrypt::test_encrypt_missing_recipient_pub PASSED [ 32%]
testing/test_suites/test_integration.py::TestAPIEncrypt::test_encrypt_with_valid_keys PASSED [ 32%]
testing/test_suites/test_integration.py::TestAPIEncrypt::test_encrypt_armor_mode PASSED [ 33%]
testing/test_suites/test_integration.py::TestAPIDecrypt::test_decrypt_endpoint_exists PASSED [ 33%]
testing/test_suites/test_integration.py::TestAPIDecrypt::test_decrypt_missing_parameters PASSED [ 34%]
testing/test_suites/test_integration.py::TestAPIDecrypt::test_encrypt_decrypt_roundtrip FAILED [ 35%]
testing/test_suites/test_integration.py::TestHealthEndpoint::test_health_endpoint PASSED [ 35%]
testing/test_suites/test_integration.py::TestRoutes::test_index_route PASSED [ 36%]
testing/test_suites/test_integration.py::TestRoutes::test_embed_route PASSED [ 36%]
testing/test_suites/test_integration.py::TestRoutes::test_nonexistent_route PASSED [ 37%]
testing/test_suites/test_new_features.py::TestFileUpload::test_upload_public_key_file PASSED [ 37%]
testing/test_suites/test_new_features.py::TestFileUpload::test_upload_secret_key_file PASSED [ 38%]
testing/test_suites/test_new_features.py::TestFileUpload::test_upload_encrypted_secret_key PASSED [ 39%]
testing/test_suites/test_new_features.py::TestFileUpload::test_upload_no_file PASSED [ 39%]
testing/test_suites/test_new_features.py::TestFileUpload::test_upload_invalid_file PASSED [ 40%]
testing/test_suites/test_new_features.py::TestFileDownload::test_download_keys PASSED [ 40%]
testing/test_suites/test_new_features.py::TestFileDownload::test_download_encrypted PASSED [ 41%]
testing/test_suites/test_new_features.py::TestFileDownload::test_download_decrypted PASSED [ 41%]
testing/test_suites/test_new_features.py::TestFileDownload::test_download_keys_missing_data PASSED [ 42%]
testing/test_suites/test_new_features.py::TestFileDownload::test_download_invalid_type PASSED [ 43%]
testing/test_suites/test_new_features.py::TestSigning::test_encrypt_with_signing PASSED [ 43%]
testing/test_suites/test_new_features.py::TestSigning::test_encrypt_with_signing_encrypted_key PASSED [ 44%]
testing/test_suites/test_new_features.py::TestSigning::test_encrypt_with_signing_wrong_passphrase PASSED [ 44%]
testing/test_suites/test_new_features.py::TestSignatureVerification::test_decrypt_with_signature_verification PASSED [ 45%]
testing/test_suites/test_new_features.py::TestSignatureVerification::test_decrypt_with_wrong_sender_pub PASSED [ 45%]
testing/test_suites/test_new_features.py::TestFingerprint::test_show_fingerprint PASSED [ 46%]
testing/test_suites/test_new_features.py::TestFingerprint::test_show_fingerprint_missing_key PASSED [ 47%]
testing/test_suites/test_new_features.py::TestFingerprint::test_show_fingerprint_invalid_key PASSED [ 47%]
testing/test_suites/test_new_features.py::TestLipsumLab::test_lipsumlab_encode PASSED [ 48%]
testing/test_suites/test_new_features.py::TestLipsumLab::test_lipsumlab_encode_missing_text PASSED [ 48%]
testing/test_suites/test_new_features.py::TestLipsumLab::test_lipsumlab_encode_invalid_theme PASSED [ 49%]
testing/test_suites/test_new_features.py::TestLipsumLab::test_lipsumlab_decode PASSED [ 50%]
testing/test_suites/test_new_features.py::TestLipsumLab::test_lipsumlab_decode_auto_extract_map_id PASSED [ 50%]
testing/test_suites/test_new_features.py::TestLipsumLab::test_lipsumlab_decode_missing_text PASSED [ 51%]
testing/test_suites/test_new_features.py::TestLipsumLab::test_lipsumlab_decode_invalid_map_id PASSED [ 51%]
testing/test_suites/test_new_features.py::TestNewFeaturesIntegration::test_full_workflow_with_signing_and_verification PASSED [ 52%]
testing/test_suites/test_performance.py::TestPerformanceKeyGeneration::test_keygen_response_time PASSED [ 52%]
testing/test_suites/test_performance.py::TestPerformanceKeyGeneration::test_keygen_concurrent_requests PASSED [ 53%]
testing/test_suites/test_performance.py::TestPerformanceEncryption::test_encrypt_response_time PASSED [ 54%]
testing/test_suites/test_performance.py::TestPerformanceEncryption::test_encrypt_different_sizes PASSED [ 54%]
testing/test_suites/test_performance.py::TestPerformanceDecryption::test_decrypt_response_time FAILED [ 55%]
testing/test_suites/test_security.py::TestSecurityKeyGeneration::test_keys_are_unique PASSED [ 55%]
testing/test_suites/test_security.py::TestSecurityKeyGeneration::test_secret_key_not_in_public_key PASSED [ 56%]
testing/test_suites/test_security.py::TestSecurityEncryption::test_same_message_different_ciphertext PASSED [ 56%]
testing/test_suites/test_security.py::TestSecurityEncryption::test_encryption_requires_valid_key PASSED [ 57%]
testing/test_suites/test_security.py::TestSecurityInputValidation::test_xss_prevention PASSED [ 58%]
testing/test_suites/test_security.py::TestSecurityInputValidation::test_sql_injection_prevention PASSED [ 58%]
testing/test_suites/test_security.py::TestSecurityInputValidation::test_very_long_input PASSED [ 59%]
testing/test_suites/test_security.py::TestSecurityErrorHandling::test_error_messages_no_sensitive_data PASSED [ 59%]
testing/test_suites/test_ui_ux.py::TestUIKeyGeneration::test_keygen_ui_elements SKIPPED [ 60%]
testing/test_suites/test_ui_ux.py::TestUIKeyGeneration::test_keygen_form_interaction SKIPPED [ 60%]
testing/test_suites/test_ui_ux.py::TestUIEncryption::test_encrypt_tab_switching SKIPPED [ 61%]
testing/test_suites/test_ui_ux.py::TestUIResponsive::test_mobile_viewport SKIPPED [ 62%]
testing/test_suites/test_ui_ux.py::TestUIResponsive::test_tablet_viewport SKIPPED [ 62%]
testing/test_suites/test_ui_ux.py::TestUIFunctional::test_embed_page_accessible PASSED [ 63%]
testing/test_suites/test_ui_ux.py::TestUIFunctional::test_main_page_accessible PASSED [ 63%]
testing/test_suites/test_ui_ux.py::TestUIFunctional::test_page_contains_expected_elements SKIPPED [ 64%]
testing/test_suites/test_unit.py::TestIdentity::test_identity_creation PASSED [ 64%]
testing/test_suites/test_unit.py::TestIdentity::test_identity_fingerprint PASSED [ 65%]
testing/test_suites/test_unit.py::TestIdentity::test_identity_public_keys PASSED [ 66%]
testing/test_suites/test_unit.py::TestKeyGeneration::test_ed25519_keypair PASSED [ 66%]
testing/test_suites/test_unit.py::TestKeyGeneration::test_x25519_keypair PASSED [ 67%]
testing/test_suites/test_unit.py::TestKeyGeneration::test_keypair_uniqueness PASSED [ 67%]
testing/test_suites/test_unit.py::TestSerialization::test_raw_pub_bytes_ed PASSED [ 68%]
testing/test_suites/test_unit.py::TestSerialization::test_raw_pub_bytes_x PASSED [ 68%]
testing/test_suites/test_unit.py::TestSerialization::test_b64u_encoding PASSED [ 69%]
testing/test_suites/test_unit.py::TestSerialization::test_hex24 PASSED   [ 70%]
testing/test_suites/test_unit.py::TestKeyBundle::test_public_bundle_creation PASSED [ 70%]
testing/test_suites/test_unit.py::TestKeyBundle::test_secret_bundle_creation PASSED [ 71%]
testing/test_suites/test_user_errors.py::TestUserErrorKeyGeneration::test_keygen_empty_name PASSED [ 71%]
testing/test_suites/test_user_errors.py::TestUserErrorKeyGeneration::test_keygen_missing_name_field PASSED [ 72%]
testing/test_suites/test_user_errors.py::TestUserErrorKeyGeneration::test_keygen_name_with_special_characters PASSED [ 72%]
testing/test_suites/test_user_errors.py::TestUserErrorKeyGeneration::test_keygen_name_with_unicode PASSED [ 73%]
testing/test_suites/test_user_errors.py::TestUserErrorKeyGeneration::test_keygen_name_very_long PASSED [ 74%]
testing/test_suites/test_user_errors.py::TestUserErrorKeyGeneration::test_keygen_name_with_newlines PASSED [ 74%]
testing/test_suites/test_user_errors.py::TestUserErrorKeyGeneration::test_keygen_name_whitespace_only PASSED [ 75%]
testing/test_suites/test_user_errors.py::TestUserErrorKeyGeneration::test_keygen_invalid_json PASSED [ 75%]
testing/test_suites/test_user_errors.py::TestUserErrorKeyGeneration::test_keygen_wrong_content_type PASSED [ 76%]
testing/test_suites/test_user_errors.py::TestUserErrorKeyGeneration::test_keygen_null_name PASSED [ 77%]
testing/test_suites/test_user_errors.py::TestUserErrorEncryption::test_encrypt_missing_recipient_pub PASSED [ 77%]
testing/test_suites/test_user_errors.py::TestUserErrorEncryption::test_encrypt_empty_recipient_pub PASSED [ 78%]
testing/test_suites/test_user_errors.py::TestUserErrorEncryption::test_encrypt_invalid_recipient_pub_json PASSED [ 78%]
testing/test_suites/test_user_errors.py::TestUserErrorEncryption::test_encrypt_malformed_recipient_pub PASSED [ 79%]
testing/test_suites/test_user_errors.py::TestUserErrorEncryption::test_encrypt_invalid_base64_in_pubkey PASSED [ 79%]
testing/test_suites/test_user_errors.py::TestUserErrorEncryption::test_encrypt_empty_message PASSED [ 80%]
testing/test_suites/test_user_errors.py::TestUserErrorEncryption::test_encrypt_missing_message PASSED [ 81%]
testing/test_suites/test_user_errors.py::TestUserErrorEncryption::test_encrypt_very_long_message PASSED [ 81%]
testing/test_suites/test_user_errors.py::TestUserErrorEncryption::test_encrypt_message_with_special_characters PASSED [ 82%]
testing/test_suites/test_user_errors.py::TestUserErrorEncryption::test_encrypt_message_with_unicode PASSED [ 82%]
testing/test_suites/test_user_errors.py::TestUserErrorEncryption::test_encrypt_armor_without_lexicon PASSED [ 83%]
testing/test_suites/test_user_errors.py::TestUserErrorEncryption::test_encrypt_wrong_key_type PASSED [ 83%]
testing/test_suites/test_user_errors.py::TestUserErrorDecryption::test_decrypt_missing_secret_key PASSED [ 84%]
testing/test_suites/test_user_errors.py::TestUserErrorDecryption::test_decrypt_missing_encrypted_data PASSED [ 85%]
testing/test_suites/test_user_errors.py::TestUserErrorDecryption::test_decrypt_empty_secret_key PASSED [ 85%]
testing/test_suites/test_user_errors.py::TestUserErrorDecryption::test_decrypt_invalid_secret_key_json PASSED [ 86%]
testing/test_suites/test_user_errors.py::TestUserErrorDecryption::test_decrypt_malformed_secret_key PASSED [ 86%]
testing/test_suites/test_user_errors.py::TestUserErrorDecryption::test_decrypt_wrong_secret_key PASSED [ 87%]
testing/test_suites/test_user_errors.py::TestUserErrorDecryption::test_decrypt_invalid_encrypted_data PASSED [ 87%]
testing/test_suites/test_user_errors.py::TestUserErrorDecryption::test_decrypt_corrupted_encrypted_data FAILED [ 88%]
testing/test_suites/test_user_errors.py::TestUserErrorDecryption::test_decrypt_empty_encrypted_data PASSED [ 89%]
testing/test_suites/test_user_errors.py::TestUserErrorDecryption::test_decrypt_message_for_different_recipient PASSED [ 89%]
testing/test_suites/test_user_errors.py::TestUserErrorRoundtrip::test_roundtrip_with_whitespace_in_keys PASSED [ 90%]
testing/test_suites/test_user_errors.py::TestUserErrorRoundtrip::test_roundtrip_partial_key_copy PASSED [ 90%]
testing/test_suites/test_user_errors.py::TestUserErrorRoundtrip::test_roundtrip_keys_from_different_sessions PASSED [ 91%]
testing/test_suites/test_user_errors.py::TestUserErrorNetwork::test_concurrent_keygen_requests PASSED [ 91%]
testing/test_suites/test_user_errors.py::TestUserErrorNetwork::test_concurrent_encrypt_requests PASSED [ 92%]
testing/test_suites/test_user_errors.py::TestUserErrorInputValidation::test_keygen_non_string_name PASSED [ 93%]
testing/test_suites/test_user_errors.py::TestUserErrorInputValidation::test_keygen_array_as_name PASSED [ 93%]
testing/test_suites/test_user_errors.py::TestUserErrorInputValidation::test_encrypt_non_string_plaintext PASSED [ 94%]
testing/test_suites/test_user_errors.py::TestUserErrorInputValidation::test_encrypt_boolean_armor PASSED [ 94%]
testing/test_suites/test_user_errors.py::TestUserErrorInputValidation::test_decrypt_with_public_key_instead_of_secret PASSED [ 95%]
testing/test_suites/test_user_errors.py::TestUserErrorInputValidation::test_encrypt_with_secret_key_instead_of_public PASSED [ 95%]
testing/test_suites/test_user_errors.py::TestUserErrorInputValidation::test_decrypt_binary_with_armor_parser FAILED [ 96%]
testing/test_suites/test_user_errors.py::TestUserErrorInputValidation::test_encrypt_with_extra_fields PASSED [ 97%]
testing/test_suites/test_user_errors.py::TestUserErrorInputValidation::test_decrypt_with_extra_fields PASSED [ 97%]
testing/test_suites/test_user_errors.py::TestUserErrorInputValidation::test_keygen_with_sql_injection_attempt PASSED [ 98%]
testing/test_suites/test_user_errors.py::TestUserErrorInputValidation::test_encrypt_with_xss_attempt PASSED [ 98%]
testing/test_suites/test_user_errors.py::TestUserErrorInputValidation::test_multiple_encrypt_decrypt_roundtrips PASSED [ 99%]
testing/test_suites/test_user_errors.py::TestUserErrorInputValidation::test_decrypt_armor_format_without_lexicon PASSED [100%]

=================================== FAILURES ===================================
_______________ TestE2EKeyGeneration.test_keygen_multiple_times ________________
.venv/lib/python3.12/site-packages/urllib3/util/ssl_.py:461: in ssl_wrap_socket
    context.load_verify_locations(ca_certs, ca_cert_dir, ca_cert_data)
E   PermissionError: [Errno 1] Operation not permitted

The above exception was the direct cause of the following exception:
.venv/lib/python3.12/site-packages/urllib3/connectionpool.py:787: in urlopen
    response = self._make_request(
.venv/lib/python3.12/site-packages/urllib3/connectionpool.py:488: in _make_request
    raise new_e
.venv/lib/python3.12/site-packages/urllib3/connectionpool.py:464: in _make_request
    self._validate_conn(conn)
.venv/lib/python3.12/site-packages/urllib3/connectionpool.py:1093: in _validate_conn
    conn.connect()
.venv/lib/python3.12/site-packages/urllib3/connection.py:796: in connect
    sock_and_verified = _ssl_wrap_socket_and_match_hostname(
.venv/lib/python3.12/site-packages/urllib3/connection.py:975: in _ssl_wrap_socket_and_match_hostname
    ssl_sock = ssl_wrap_socket(
.venv/lib/python3.12/site-packages/urllib3/util/ssl_.py:463: in ssl_wrap_socket
    raise SSLError(e) from e
E   urllib3.exceptions.SSLError: [Errno 1] Operation not permitted

The above exception was the direct cause of the following exception:
.venv/lib/python3.12/site-packages/requests/adapters.py:644: in send
    resp = conn.urlopen(
.venv/lib/python3.12/site-packages/urllib3/connectionpool.py:841: in urlopen
    retries = retries.increment(
.venv/lib/python3.12/site-packages/urllib3/util/retry.py:519: in increment
    raise MaxRetryError(_pool, url, reason) from reason  # type: ignore[arg-type]
    ^^^^^^^^^^^^^^^^^^^^^^^^^^^^^^^^^^^^^^^^^^^^^^^^^^^
E   urllib3.exceptions.MaxRetryError: HTTPSConnectionPool(host='antilanguageencryptiontool-y9rjc.ondigitalocean.app', port=443): Max retries exceeded with url: /api/keygen (Caused by SSLError(PermissionError(1, 'Operation not permitted')))

During handling of the above exception, another exception occurred:
testing/test_suites/test_e2e.py:41: in test_keygen_multiple_times
    response = requests.post(
.venv/lib/python3.12/site-packages/requests/api.py:115: in post
    return request("post", url, data=data, json=json, **kwargs)
           ^^^^^^^^^^^^^^^^^^^^^^^^^^^^^^^^^^^^^^^^^^^^^^^^^^^^
.venv/lib/python3.12/site-packages/requests/api.py:59: in request
    return session.request(method=method, url=url, **kwargs)
           ^^^^^^^^^^^^^^^^^^^^^^^^^^^^^^^^^^^^^^^^^^^^^^^^^
.venv/lib/python3.12/site-packages/requests/sessions.py:589: in request
    resp = self.send(prep, **send_kwargs)
           ^^^^^^^^^^^^^^^^^^^^^^^^^^^^^^
.venv/lib/python3.12/site-packages/requests/sessions.py:703: in send
    r = adapter.send(request, **kwargs)
        ^^^^^^^^^^^^^^^^^^^^^^^^^^^^^^^
.venv/lib/python3.12/site-packages/requests/adapters.py:675: in send
    raise SSLError(e, request=request)
E   requests.exceptions.SSLError: HTTPSConnectionPool(host='antilanguageencryptiontool-y9rjc.ondigitalocean.app', port=443): Max retries exceeded with url: /api/keygen (Caused by SSLError(PermissionError(1, 'Operation not permitted')))
_________ TestE2EEncryption.test_encrypt_decrypt_roundtrip_production __________
.venv/lib/python3.12/site-packages/urllib3/util/ssl_.py:461: in ssl_wrap_socket
    context.load_verify_locations(ca_certs, ca_cert_dir, ca_cert_data)
E   PermissionError: [Errno 1] Operation not permitted

The above exception was the direct cause of the following exception:
.venv/lib/python3.12/site-packages/urllib3/connectionpool.py:787: in urlopen
    response = self._make_request(
.venv/lib/python3.12/site-packages/urllib3/connectionpool.py:488: in _make_request
    raise new_e
.venv/lib/python3.12/site-packages/urllib3/connectionpool.py:464: in _make_request
    self._validate_conn(conn)
.venv/lib/python3.12/site-packages/urllib3/connectionpool.py:1093: in _validate_conn
    conn.connect()
.venv/lib/python3.12/site-packages/urllib3/connection.py:796: in connect
    sock_and_verified = _ssl_wrap_socket_and_match_hostname(
.venv/lib/python3.12/site-packages/urllib3/connection.py:975: in _ssl_wrap_socket_and_match_hostname
    ssl_sock = ssl_wrap_socket(
.venv/lib/python3.12/site-packages/urllib3/util/ssl_.py:463: in ssl_wrap_socket
    raise SSLError(e) from e
E   urllib3.exceptions.SSLError: [Errno 1] Operation not permitted

The above exception was the direct cause of the following exception:
.venv/lib/python3.12/site-packages/requests/adapters.py:644: in send
    resp = conn.urlopen(
.venv/lib/python3.12/site-packages/urllib3/connectionpool.py:841: in urlopen
    retries = retries.increment(
.venv/lib/python3.12/site-packages/urllib3/util/retry.py:519: in increment
    raise MaxRetryError(_pool, url, reason) from reason  # type: ignore[arg-type]
    ^^^^^^^^^^^^^^^^^^^^^^^^^^^^^^^^^^^^^^^^^^^^^^^^^^^
E   urllib3.exceptions.MaxRetryError: HTTPSConnectionPool(host='antilanguageencryptiontool-y9rjc.ondigitalocean.app', port=443): Max retries exceeded with url: /api/keygen (Caused by SSLError(PermissionError(1, 'Operation not permitted')))

During handling of the above exception, another exception occurred:
testing/test_suites/test_e2e.py:62: in test_encrypt_decrypt_roundtrip_production
    keygen_response = requests.post(
.venv/lib/python3.12/site-packages/requests/api.py:115: in post
    return request("post", url, data=data, json=json, **kwargs)
           ^^^^^^^^^^^^^^^^^^^^^^^^^^^^^^^^^^^^^^^^^^^^^^^^^^^^
.venv/lib/python3.12/site-packages/requests/api.py:59: in request
    return session.request(method=method, url=url, **kwargs)
           ^^^^^^^^^^^^^^^^^^^^^^^^^^^^^^^^^^^^^^^^^^^^^^^^^
.venv/lib/python3.12/site-packages/requests/sessions.py:589: in request
    resp = self.send(prep, **send_kwargs)
           ^^^^^^^^^^^^^^^^^^^^^^^^^^^^^^
.venv/lib/python3.12/site-packages/requests/sessions.py:703: in send
    r = adapter.send(request, **kwargs)
        ^^^^^^^^^^^^^^^^^^^^^^^^^^^^^^^
.venv/lib/python3.12/site-packages/requests/adapters.py:675: in send
    raise SSLError(e, request=request)
E   requests.exceptions.SSLError: HTTPSConnectionPool(host='antilanguageencryptiontool-y9rjc.ondigitalocean.app', port=443): Max retries exceeded with url: /api/keygen (Caused by SSLError(PermissionError(1, 'Operation not permitted')))
______________ TestE2EEncryption.test_encrypt_different_messages _______________
.venv/lib/python3.12/site-packages/urllib3/util/ssl_.py:461: in ssl_wrap_socket
    context.load_verify_locations(ca_certs, ca_cert_dir, ca_cert_data)
E   PermissionError: [Errno 1] Operation not permitted

The above exception was the direct cause of the following exception:
.venv/lib/python3.12/site-packages/urllib3/connectionpool.py:787: in urlopen
    response = self._make_request(
.venv/lib/python3.12/site-packages/urllib3/connectionpool.py:488: in _make_request
    raise new_e
.venv/lib/python3.12/site-packages/urllib3/connectionpool.py:464: in _make_request
    self._validate_conn(conn)
.venv/lib/python3.12/site-packages/urllib3/connectionpool.py:1093: in _validate_conn
    conn.connect()
.venv/lib/python3.12/site-packages/urllib3/connection.py:796: in connect
    sock_and_verified = _ssl_wrap_socket_and_match_hostname(
.venv/lib/python3.12/site-packages/urllib3/connection.py:975: in _ssl_wrap_socket_and_match_hostname
    ssl_sock = ssl_wrap_socket(
.venv/lib/python3.12/site-packages/urllib3/util/ssl_.py:463: in ssl_wrap_socket
    raise SSLError(e) from e
E   urllib3.exceptions.SSLError: [Errno 1] Operation not permitted

The above exception was the direct cause of the following exception:
.venv/lib/python3.12/site-packages/requests/adapters.py:644: in send
    resp = conn.urlopen(
.venv/lib/python3.12/site-packages/urllib3/connectionpool.py:841: in urlopen
    retries = retries.increment(
.venv/lib/python3.12/site-packages/urllib3/util/retry.py:519: in increment
    raise MaxRetryError(_pool, url, reason) from reason  # type: ignore[arg-type]
    ^^^^^^^^^^^^^^^^^^^^^^^^^^^^^^^^^^^^^^^^^^^^^^^^^^^
E   urllib3.exceptions.MaxRetryError: HTTPSConnectionPool(host='antilanguageencryptiontool-y9rjc.ondigitalocean.app', port=443): Max retries exceeded with url: /api/keygen (Caused by SSLError(PermissionError(1, 'Operation not permitted')))

During handling of the above exception, another exception occurred:
testing/test_suites/test_e2e.py:108: in test_encrypt_different_messages
    keygen_response = requests.post(
.venv/lib/python3.12/site-packages/requests/api.py:115: in post
    return request("post", url, data=data, json=json, **kwargs)
           ^^^^^^^^^^^^^^^^^^^^^^^^^^^^^^^^^^^^^^^^^^^^^^^^^^^^
.venv/lib/python3.12/site-packages/requests/api.py:59: in request
    return session.request(method=method, url=url, **kwargs)
           ^^^^^^^^^^^^^^^^^^^^^^^^^^^^^^^^^^^^^^^^^^^^^^^^^
.venv/lib/python3.12/site-packages/requests/sessions.py:589: in request
    resp = self.send(prep, **send_kwargs)
           ^^^^^^^^^^^^^^^^^^^^^^^^^^^^^^
.venv/lib/python3.12/site-packages/requests/sessions.py:703: in send
    r = adapter.send(request, **kwargs)
        ^^^^^^^^^^^^^^^^^^^^^^^^^^^^^^^
.venv/lib/python3.12/site-packages/requests/adapters.py:675: in send
    raise SSLError(e, request=request)
E   requests.exceptions.SSLError: HTTPSConnectionPool(host='antilanguageencryptiontool-y9rjc.ondigitalocean.app', port=443): Max retries exceeded with url: /api/keygen (Caused by SSLError(PermissionError(1, 'Operation not permitted')))
__________________ TestE2EHealth.test_production_availability __________________
.venv/lib/python3.12/site-packages/urllib3/util/ssl_.py:461: in ssl_wrap_socket
    context.load_verify_locations(ca_certs, ca_cert_dir, ca_cert_data)
E   PermissionError: [Errno 1] Operation not permitted

The above exception was the direct cause of the following exception:
.venv/lib/python3.12/site-packages/urllib3/connectionpool.py:787: in urlopen
    response = self._make_request(
.venv/lib/python3.12/site-packages/urllib3/connectionpool.py:488: in _make_request
    raise new_e
.venv/lib/python3.12/site-packages/urllib3/connectionpool.py:464: in _make_request
    self._validate_conn(conn)
.venv/lib/python3.12/site-packages/urllib3/connectionpool.py:1093: in _validate_conn
    conn.connect()
.venv/lib/python3.12/site-packages/urllib3/connection.py:796: in connect
    sock_and_verified = _ssl_wrap_socket_and_match_hostname(
.venv/lib/python3.12/site-packages/urllib3/connection.py:975: in _ssl_wrap_socket_and_match_hostname
    ssl_sock = ssl_wrap_socket(
.venv/lib/python3.12/site-packages/urllib3/util/ssl_.py:463: in ssl_wrap_socket
    raise SSLError(e) from e
E   urllib3.exceptions.SSLError: [Errno 1] Operation not permitted

The above exception was the direct cause of the following exception:
.venv/lib/python3.12/site-packages/requests/adapters.py:644: in send
    resp = conn.urlopen(
.venv/lib/python3.12/site-packages/urllib3/connectionpool.py:841: in urlopen
    retries = retries.increment(
.venv/lib/python3.12/site-packages/urllib3/util/retry.py:519: in increment
    raise MaxRetryError(_pool, url, reason) from reason  # type: ignore[arg-type]
    ^^^^^^^^^^^^^^^^^^^^^^^^^^^^^^^^^^^^^^^^^^^^^^^^^^^
E   urllib3.exceptions.MaxRetryError: HTTPSConnectionPool(host='antilanguageencryptiontool-y9rjc.ondigitalocean.app', port=443): Max retries exceeded with url: / (Caused by SSLError(PermissionError(1, 'Operation not permitted')))

During handling of the above exception, another exception occurred:
testing/test_suites/test_e2e.py:153: in test_production_availability
    response = requests.get(PRODUCTION_URL, timeout=10)
               ^^^^^^^^^^^^^^^^^^^^^^^^^^^^^^^^^^^^^^^^
.venv/lib/python3.12/site-packages/requests/api.py:73: in get
    return request("get", url, params=params, **kwargs)
           ^^^^^^^^^^^^^^^^^^^^^^^^^^^^^^^^^^^^^^^^^^^^
.venv/lib/python3.12/site-packages/requests/api.py:59: in request
    return session.request(method=method, url=url, **kwargs)
           ^^^^^^^^^^^^^^^^^^^^^^^^^^^^^^^^^^^^^^^^^^^^^^^^^
.venv/lib/python3.12/site-packages/requests/sessions.py:589: in request
    resp = self.send(prep, **send_kwargs)
           ^^^^^^^^^^^^^^^^^^^^^^^^^^^^^^
.venv/lib/python3.12/site-packages/requests/sessions.py:703: in send
    r = adapter.send(request, **kwargs)
        ^^^^^^^^^^^^^^^^^^^^^^^^^^^^^^^
.venv/lib/python3.12/site-packages/requests/adapters.py:675: in send
    raise SSLError(e, request=request)
E   requests.exceptions.SSLError: HTTPSConnectionPool(host='antilanguageencryptiontool-y9rjc.ondigitalocean.app', port=443): Max retries exceeded with url: / (Caused by SSLError(PermissionError(1, 'Operation not permitted')))
______________________ TestE2EPages.test_index_page_loads ______________________
.venv/lib/python3.12/site-packages/urllib3/util/ssl_.py:461: in ssl_wrap_socket
    context.load_verify_locations(ca_certs, ca_cert_dir, ca_cert_data)
E   PermissionError: [Errno 1] Operation not permitted

The above exception was the direct cause of the following exception:
.venv/lib/python3.12/site-packages/urllib3/connectionpool.py:787: in urlopen
    response = self._make_request(
.venv/lib/python3.12/site-packages/urllib3/connectionpool.py:488: in _make_request
    raise new_e
.venv/lib/python3.12/site-packages/urllib3/connectionpool.py:464: in _make_request
    self._validate_conn(conn)
.venv/lib/python3.12/site-packages/urllib3/connectionpool.py:1093: in _validate_conn
    conn.connect()
.venv/lib/python3.12/site-packages/urllib3/connection.py:796: in connect
    sock_and_verified = _ssl_wrap_socket_and_match_hostname(
.venv/lib/python3.12/site-packages/urllib3/connection.py:975: in _ssl_wrap_socket_and_match_hostname
    ssl_sock = ssl_wrap_socket(
.venv/lib/python3.12/site-packages/urllib3/util/ssl_.py:463: in ssl_wrap_socket
    raise SSLError(e) from e
E   urllib3.exceptions.SSLError: [Errno 1] Operation not permitted

The above exception was the direct cause of the following exception:
.venv/lib/python3.12/site-packages/requests/adapters.py:644: in send
    resp = conn.urlopen(
.venv/lib/python3.12/site-packages/urllib3/connectionpool.py:841: in urlopen
    retries = retries.increment(
.venv/lib/python3.12/site-packages/urllib3/util/retry.py:519: in increment
    raise MaxRetryError(_pool, url, reason) from reason  # type: ignore[arg-type]
    ^^^^^^^^^^^^^^^^^^^^^^^^^^^^^^^^^^^^^^^^^^^^^^^^^^^
E   urllib3.exceptions.MaxRetryError: HTTPSConnectionPool(host='antilanguageencryptiontool-y9rjc.ondigitalocean.app', port=443): Max retries exceeded with url: / (Caused by SSLError(PermissionError(1, 'Operation not permitted')))

During handling of the above exception, another exception occurred:
testing/test_suites/test_e2e.py:162: in test_index_page_loads
    response = requests.get(PRODUCTION_URL, timeout=10)
               ^^^^^^^^^^^^^^^^^^^^^^^^^^^^^^^^^^^^^^^^
.venv/lib/python3.12/site-packages/requests/api.py:73: in get
    return request("get", url, params=params, **kwargs)
           ^^^^^^^^^^^^^^^^^^^^^^^^^^^^^^^^^^^^^^^^^^^^
.venv/lib/python3.12/site-packages/requests/api.py:59: in request
    return session.request(method=method, url=url, **kwargs)
           ^^^^^^^^^^^^^^^^^^^^^^^^^^^^^^^^^^^^^^^^^^^^^^^^^
.venv/lib/python3.12/site-packages/requests/sessions.py:589: in request
    resp = self.send(prep, **send_kwargs)
           ^^^^^^^^^^^^^^^^^^^^^^^^^^^^^^
.venv/lib/python3.12/site-packages/requests/sessions.py:703: in send
    r = adapter.send(request, **kwargs)
        ^^^^^^^^^^^^^^^^^^^^^^^^^^^^^^^
.venv/lib/python3.12/site-packages/requests/adapters.py:675: in send
    raise SSLError(e, request=request)
E   requests.exceptions.SSLError: HTTPSConnectionPool(host='antilanguageencryptiontool-y9rjc.ondigitalocean.app', port=443): Max retries exceeded with url: / (Caused by SSLError(PermissionError(1, 'Operation not permitted')))
______________________ TestE2EPages.test_embed_page_loads ______________________
.venv/lib/python3.12/site-packages/urllib3/util/ssl_.py:461: in ssl_wrap_socket
    context.load_verify_locations(ca_certs, ca_cert_dir, ca_cert_data)
E   PermissionError: [Errno 1] Operation not permitted

The above exception was the direct cause of the following exception:
.venv/lib/python3.12/site-packages/urllib3/connectionpool.py:787: in urlopen
    response = self._make_request(
.venv/lib/python3.12/site-packages/urllib3/connectionpool.py:488: in _make_request
    raise new_e
.venv/lib/python3.12/site-packages/urllib3/connectionpool.py:464: in _make_request
    self._validate_conn(conn)
.venv/lib/python3.12/site-packages/urllib3/connectionpool.py:1093: in _validate_conn
    conn.connect()
.venv/lib/python3.12/site-packages/urllib3/connection.py:796: in connect
    sock_and_verified = _ssl_wrap_socket_and_match_hostname(
.venv/lib/python3.12/site-packages/urllib3/connection.py:975: in _ssl_wrap_socket_and_match_hostname
    ssl_sock = ssl_wrap_socket(
.venv/lib/python3.12/site-packages/urllib3/util/ssl_.py:463: in ssl_wrap_socket
    raise SSLError(e) from e
E   urllib3.exceptions.SSLError: [Errno 1] Operation not permitted

The above exception was the direct cause of the following exception:
.venv/lib/python3.12/site-packages/requests/adapters.py:644: in send
    resp = conn.urlopen(
.venv/lib/python3.12/site-packages/urllib3/connectionpool.py:841: in urlopen
    retries = retries.increment(
.venv/lib/python3.12/site-packages/urllib3/util/retry.py:519: in increment
    raise MaxRetryError(_pool, url, reason) from reason  # type: ignore[arg-type]
    ^^^^^^^^^^^^^^^^^^^^^^^^^^^^^^^^^^^^^^^^^^^^^^^^^^^
E   urllib3.exceptions.MaxRetryError: HTTPSConnectionPool(host='antilanguageencryptiontool-y9rjc.ondigitalocean.app', port=443): Max retries exceeded with url: /embed (Caused by SSLError(PermissionError(1, 'Operation not permitted')))

During handling of the above exception, another exception occurred:
testing/test_suites/test_e2e.py:169: in test_embed_page_loads
    response = requests.get(f"{PRODUCTION_URL}/embed", timeout=10)
               ^^^^^^^^^^^^^^^^^^^^^^^^^^^^^^^^^^^^^^^^^^^^^^^^^^^
.venv/lib/python3.12/site-packages/requests/api.py:73: in get
    return request("get", url, params=params, **kwargs)
           ^^^^^^^^^^^^^^^^^^^^^^^^^^^^^^^^^^^^^^^^^^^^
.venv/lib/python3.12/site-packages/requests/api.py:59: in request
    return session.request(method=method, url=url, **kwargs)
           ^^^^^^^^^^^^^^^^^^^^^^^^^^^^^^^^^^^^^^^^^^^^^^^^^
.venv/lib/python3.12/site-packages/requests/sessions.py:589: in request
    resp = self.send(prep, **send_kwargs)
           ^^^^^^^^^^^^^^^^^^^^^^^^^^^^^^
.venv/lib/python3.12/site-packages/requests/sessions.py:703: in send
    r = adapter.send(request, **kwargs)
        ^^^^^^^^^^^^^^^^^^^^^^^^^^^^^^^
.venv/lib/python3.12/site-packages/requests/adapters.py:675: in send
    raise SSLError(e, request=request)
E   requests.exceptions.SSLError: HTTPSConnectionPool(host='antilanguageencryptiontool-y9rjc.ondigitalocean.app', port=443): Max retries exceeded with url: /embed (Caused by SSLError(PermissionError(1, 'Operation not permitted')))
________________ TestAPIDecrypt.test_encrypt_decrypt_roundtrip _________________
testing/test_suites/test_integration.py:158: in test_encrypt_decrypt_roundtrip
    assert decrypt_response.status_code == 200
E   assert 500 == 200
E    +  where 500 = <WrapperTestResponse streamed [500 INTERNAL SERVER ERROR]>.status_code
_____________ TestPerformanceDecryption.test_decrypt_response_time _____________
testing/test_suites/test_performance.py:111: in test_decrypt_response_time
    assert response.status_code == 200
E   assert 500 == 200
E    +  where 500 = <WrapperTestResponse streamed [500 INTERNAL SERVER ERROR]>.status_code
________ TestUserErrorDecryption.test_decrypt_corrupted_encrypted_data _________
testing/test_suites/test_user_errors.py:355: in test_decrypt_corrupted_encrypted_data
    assert response.status_code in [400, 500]
E   assert 200 in [400, 500]
E    +  where 200 = <WrapperTestResponse streamed [200 OK]>.status_code
______ TestUserErrorInputValidation.test_decrypt_binary_with_armor_parser ______
testing/test_suites/test_user_errors.py:584: in test_decrypt_binary_with_armor_parser
    assert response.status_code == 200
E   assert 500 == 200
E    +  where 500 = <WrapperTestResponse streamed [500 INTERNAL SERVER ERROR]>.status_code
=========================== short test summary info ============================
FAILED testing/test_suites/test_e2e.py::TestE2EKeyGeneration::test_keygen_multiple_times - requests.exceptions.SSLError: HTTPSConnectionPool(host='antilanguageencryptiontool-y9rjc.ondigitalocean.app', port=443): Max retries exceeded with url: /api/keygen (Caused by SSLError(PermissionError(1, 'Operation not permitted')))
FAILED testing/test_suites/test_e2e.py::TestE2EEncryption::test_encrypt_decrypt_roundtrip_production - requests.exceptions.SSLError: HTTPSConnectionPool(host='antilanguageencryptiontool-y9rjc.ondigitalocean.app', port=443): Max retries exceeded with url: /api/keygen (Caused by SSLError(PermissionError(1, 'Operation not permitted')))
FAILED testing/test_suites/test_e2e.py::TestE2EEncryption::test_encrypt_different_messages - requests.exceptions.SSLError: HTTPSConnectionPool(host='antilanguageencryptiontool-y9rjc.ondigitalocean.app', port=443): Max retries exceeded with url: /api/keygen (Caused by SSLError(PermissionError(1, 'Operation not permitted')))
FAILED testing/test_suites/test_e2e.py::TestE2EHealth::test_production_availability - requests.exceptions.SSLError: HTTPSConnectionPool(host='antilanguageencryptiontool-y9rjc.ondigitalocean.app', port=443): Max retries exceeded with url: / (Caused by SSLError(PermissionError(1, 'Operation not permitted')))
FAILED testing/test_suites/test_e2e.py::TestE2EPages::test_index_page_loads - requests.exceptions.SSLError: HTTPSConnectionPool(host='antilanguageencryptiontool-y9rjc.ondigitalocean.app', port=443): Max retries exceeded with url: / (Caused by SSLError(PermissionError(1, 'Operation not permitted')))
FAILED testing/test_suites/test_e2e.py::TestE2EPages::test_embed_page_loads - requests.exceptions.SSLError: HTTPSConnectionPool(host='antilanguageencryptiontool-y9rjc.ondigitalocean.app', port=443): Max retries exceeded with url: /embed (Caused by SSLError(PermissionError(1, 'Operation not permitted')))
FAILED testing/test_suites/test_integration.py::TestAPIDecrypt::test_encrypt_decrypt_roundtrip - assert 500 == 200
 +  where 500 = <WrapperTestResponse streamed [500 INTERNAL SERVER ERROR]>.status_code
FAILED testing/test_suites/test_performance.py::TestPerformanceDecryption::test_decrypt_response_time - assert 500 == 200
 +  where 500 = <WrapperTestResponse streamed [500 INTERNAL SERVER ERROR]>.status_code
FAILED testing/test_suites/test_user_errors.py::TestUserErrorDecryption::test_decrypt_corrupted_encrypted_data - assert 200 in [400, 500]
 +  where 200 = <WrapperTestResponse streamed [200 OK]>.status_code
FAILED testing/test_suites/test_user_errors.py::TestUserErrorInputValidation::test_decrypt_binary_with_armor_parser - assert 500 == 200
 +  where 500 = <WrapperTestResponse streamed [500 INTERNAL SERVER ERROR]>.status_code
================== 10 failed, 158 passed, 6 skipped in 6.76s ===================
